
> @amm/admin@0.1.0 build
> react-scripts build

(node:82344) [DEP0176] DeprecationWarning: fs.F_OK is deprecated, use fs.constants.F_OK instead
(Use `node --trace-deprecation ...` to show where the warning was created)
Creating an optimized production build...
Compiled with warnings.

[eslint] 
src/App.tsx
  Line 9:3:  'Backdrop' is defined but never used  @typescript-eslint/no-unused-vars

src/components/modal.view-variantstock.tsx
  Line 164:34:  eval can be harmful  no-eval

src/components/product-table.component.tsx
  Line 3:14:   'useEffect' is defined but never used              @typescript-eslint/no-unused-vars
  Line 5:8:    '_' is defined but never used                      @typescript-eslint/no-unused-vars
  Line 8:10:   'getSuppliers' is defined but never used           @typescript-eslint/no-unused-vars
  Line 34:21:  'setSuppliers' is assigned a value but never used  @typescript-eslint/no-unused-vars

src/services/stock-value.service.tsx
  Line 3:10:  'shortDateFormatter' is defined but never used  @typescript-eslint/no-unused-vars

src/views/edit-purchaseorder.tsx
  Line 1:29:  'TextField' is defined but never used  @typescript-eslint/no-unused-vars

Search for the keywords to learn more about each warning.
To ignore, add // eslint-disable-next-line to the line before.

File sizes after gzip:

  382.08 kB  build/static/js/main.d44f378c.js
  9.78 kB    build/static/js/728.b24e4bbb.chunk.js
  1.77 kB    build/static/js/400.ed162782.chunk.js
  416 B      build/static/css/main.5abb5acc.css

The project was built assuming it is hosted at /.
You can control this with the homepage field in your package.json.

The build folder is ready to be deployed.
You may serve it with a static server:

  npm install -g serve
  serve -s build

Find out more about deployment here:

  https://cra.link/deployment

